<?xml version="1.0" encoding="UTF-8"?>
<!-- Generated by org.testng.reporters.JUnitReportReporter -->
<testsuite hostname="CHANDAN" failures="0" tests="1" name="TestCases.TestCase2_GetallLinks" time="0.684" errors="0" timestamp="2024-04-02T01:16:26 IST" skipped="0">
  <testcase classname="TestCases.TestCase2_GetallLinks" name="GetAllImages" time="0.684"/>
  <system-out/>
</testsuite> <!-- TestCases.TestCase2_GetallLinks -->
