<?xml version="1.0" encoding="UTF-8"?>
<!-- Generated by org.testng.reporters.JUnitReportReporter -->
<testsuite hostname="CHANDAN" failures="0" tests="1" name="TestCases.TestCase1_Clickonsearchbar" time="15.093" errors="0" timestamp="2024-03-21T00:52:07 IST" skipped="0">
  <testcase classname="TestCases.TestCase1_Clickonsearchbar" name="Clickontextbar" time="15.093"/>
  <system-out/>
</testsuite> <!-- TestCases.TestCase1_Clickonsearchbar -->
